<?xml version="1.0" encoding="UTF-8"?>
<!-- Generated by org.testng.reporters.JUnitXMLReporter -->
<testsuite hostname="DESKTOP-30FNJH5" name="Default test" tests="8" failures="0" timestamp="8 Sep 2019 20:03:31 GMT" time="0.44" errors="0">
  <testcase name="testcase" time="0.034" classname="pkg2.C3"/>
  <testcase name="testcase" time="0.004" classname="pkg2.C3"/>
  <testcase name="testcase" time="0.004" classname="pkg2.C3"/>
  <testcase name="testcase" time="0.005" classname="pkg2.C3"/>
  <testcase name="testcase" time="0.003" classname="pkg2.C3"/>
  <testcase name="testcase" time="0.02" classname="pkg2.C3"/>
  <testcase name="testcase" time="0.006" classname="pkg2.C3"/>
  <testcase name="testcase" time="0.008" classname="pkg2.C3"/>
</testsuite> <!-- Default test -->
